<?xml version="1.0" encoding="UTF-8"?>
<testsuite xmlns:xsi="http://www.w3.org/2001/XMLSchema-instance" xsi:noNamespaceSchemaLocation="https://maven.apache.org/surefire/maven-surefire-plugin/xsd/surefire-test-report.xsd" name="com.study.CourseSharingSiteApplicationTests" time="5.718" tests="10" errors="3" skipped="0" failures="0">
  <properties>
    <property name="java.specification.version" value="14"/>
    <property name="sun.jnu.encoding" value="UTF-8"/>
    <property name="java.class.path" value="/Users/yuanbao/IdeaProjects/CourseSS/target/test-classes:/Users/yuanbao/IdeaProjects/CourseSS/target/classes:/Users/yuanbao/.m2/repository/org/springframework/boot/spring-boot-starter-jdbc/2.5.3/spring-boot-starter-jdbc-2.5.3.jar:/Users/yuanbao/.m2/repository/org/springframework/boot/spring-boot-starter/2.5.3/spring-boot-starter-2.5.3.jar:/Users/yuanbao/.m2/repository/org/springframework/boot/spring-boot-starter-logging/2.5.3/spring-boot-starter-logging-2.5.3.jar:/Users/yuanbao/.m2/repository/ch/qos/logback/logback-classic/1.2.4/logback-classic-1.2.4.jar:/Users/yuanbao/.m2/repository/ch/qos/logback/logback-core/1.2.4/logback-core-1.2.4.jar:/Users/yuanbao/.m2/repository/org/apache/logging/log4j/log4j-to-slf4j/2.14.1/log4j-to-slf4j-2.14.1.jar:/Users/yuanbao/.m2/repository/org/apache/logging/log4j/log4j-api/2.14.1/log4j-api-2.14.1.jar:/Users/yuanbao/.m2/repository/org/slf4j/jul-to-slf4j/1.7.32/jul-to-slf4j-1.7.32.jar:/Users/yuanbao/.m2/repository/jakarta/annotation/jakarta.annotation-api/1.3.5/jakarta.annotation-api-1.3.5.jar:/Users/yuanbao/.m2/repository/org/yaml/snakeyaml/1.28/snakeyaml-1.28.jar:/Users/yuanbao/.m2/repository/com/zaxxer/HikariCP/4.0.3/HikariCP-4.0.3.jar:/Users/yuanbao/.m2/repository/org/springframework/spring-jdbc/5.3.9/spring-jdbc-5.3.9.jar:/Users/yuanbao/.m2/repository/org/springframework/spring-beans/5.3.9/spring-beans-5.3.9.jar:/Users/yuanbao/.m2/repository/org/springframework/spring-tx/5.3.9/spring-tx-5.3.9.jar:/Users/yuanbao/.m2/repository/org/springframework/boot/spring-boot-starter-thymeleaf/2.5.3/spring-boot-starter-thymeleaf-2.5.3.jar:/Users/yuanbao/.m2/repository/org/thymeleaf/thymeleaf-spring5/3.0.12.RELEASE/thymeleaf-spring5-3.0.12.RELEASE.jar:/Users/yuanbao/.m2/repository/org/thymeleaf/thymeleaf/3.0.12.RELEASE/thymeleaf-3.0.12.RELEASE.jar:/Users/yuanbao/.m2/repository/org/attoparser/attoparser/2.0.5.RELEASE/attoparser-2.0.5.RELEASE.jar:/Users/yuanbao/.m2/repository/org/unbescape/unbescape/1.1.6.RELEASE/unbescape-1.1.6.RELEASE.jar:/Users/yuanbao/.m2/repository/org/thymeleaf/extras/thymeleaf-extras-java8time/3.0.4.RELEASE/thymeleaf-extras-java8time-3.0.4.RELEASE.jar:/Users/yuanbao/.m2/repository/org/springframework/boot/spring-boot-starter-web/2.5.3/spring-boot-starter-web-2.5.3.jar:/Users/yuanbao/.m2/repository/org/springframework/boot/spring-boot-starter-json/2.5.3/spring-boot-starter-json-2.5.3.jar:/Users/yuanbao/.m2/repository/com/fasterxml/jackson/core/jackson-databind/2.12.4/jackson-databind-2.12.4.jar:/Users/yuanbao/.m2/repository/com/fasterxml/jackson/core/jackson-annotations/2.12.4/jackson-annotations-2.12.4.jar:/Users/yuanbao/.m2/repository/com/fasterxml/jackson/core/jackson-core/2.12.4/jackson-core-2.12.4.jar:/Users/yuanbao/.m2/repository/com/fasterxml/jackson/datatype/jackson-datatype-jdk8/2.12.4/jackson-datatype-jdk8-2.12.4.jar:/Users/yuanbao/.m2/repository/com/fasterxml/jackson/datatype/jackson-datatype-jsr310/2.12.4/jackson-datatype-jsr310-2.12.4.jar:/Users/yuanbao/.m2/repository/com/fasterxml/jackson/module/jackson-module-parameter-names/2.12.4/jackson-module-parameter-names-2.12.4.jar:/Users/yuanbao/.m2/repository/org/springframework/boot/spring-boot-starter-tomcat/2.5.3/spring-boot-starter-tomcat-2.5.3.jar:/Users/yuanbao/.m2/repository/org/apache/tomcat/embed/tomcat-embed-core/9.0.50/tomcat-embed-core-9.0.50.jar:/Users/yuanbao/.m2/repository/org/apache/tomcat/embed/tomcat-embed-el/9.0.50/tomcat-embed-el-9.0.50.jar:/Users/yuanbao/.m2/repository/org/apache/tomcat/embed/tomcat-embed-websocket/9.0.50/tomcat-embed-websocket-9.0.50.jar:/Users/yuanbao/.m2/repository/org/springframework/spring-web/5.3.9/spring-web-5.3.9.jar:/Users/yuanbao/.m2/repository/org/springframework/spring-webmvc/5.3.9/spring-webmvc-5.3.9.jar:/Users/yuanbao/.m2/repository/org/springframework/spring-context/5.3.9/spring-context-5.3.9.jar:/Users/yuanbao/.m2/repository/org/springframework/spring-expression/5.3.9/spring-expression-5.3.9.jar:/Users/yuanbao/.m2/repository/mysql/mysql-connector-java/8.0.26/mysql-connector-java-8.0.26.jar:/Users/yuanbao/.m2/repository/org/springframework/boot/spring-boot-devtools/2.5.3/spring-boot-devtools-2.5.3.jar:/Users/yuanbao/.m2/repository/org/springframework/boot/spring-boot/2.5.3/spring-boot-2.5.3.jar:/Users/yuanbao/.m2/repository/org/springframework/boot/spring-boot-autoconfigure/2.5.3/spring-boot-autoconfigure-2.5.3.jar:/Users/yuanbao/.m2/repository/org/projectlombok/lombok/1.18.20/lombok-1.18.20.jar:/Users/yuanbao/.m2/repository/org/springframework/boot/spring-boot-starter-test/2.5.3/spring-boot-starter-test-2.5.3.jar:/Users/yuanbao/.m2/repository/org/springframework/boot/spring-boot-test/2.5.3/spring-boot-test-2.5.3.jar:/Users/yuanbao/.m2/repository/org/springframework/boot/spring-boot-test-autoconfigure/2.5.3/spring-boot-test-autoconfigure-2.5.3.jar:/Users/yuanbao/.m2/repository/com/jayway/jsonpath/json-path/2.5.0/json-path-2.5.0.jar:/Users/yuanbao/.m2/repository/net/minidev/json-smart/2.4.7/json-smart-2.4.7.jar:/Users/yuanbao/.m2/repository/net/minidev/accessors-smart/2.4.7/accessors-smart-2.4.7.jar:/Users/yuanbao/.m2/repository/org/ow2/asm/asm/9.1/asm-9.1.jar:/Users/yuanbao/.m2/repository/jakarta/xml/bind/jakarta.xml.bind-api/2.3.3/jakarta.xml.bind-api-2.3.3.jar:/Users/yuanbao/.m2/repository/jakarta/activation/jakarta.activation-api/1.2.2/jakarta.activation-api-1.2.2.jar:/Users/yuanbao/.m2/repository/org/assertj/assertj-core/3.19.0/assertj-core-3.19.0.jar:/Users/yuanbao/.m2/repository/org/hamcrest/hamcrest/2.2/hamcrest-2.2.jar:/Users/yuanbao/.m2/repository/org/junit/jupiter/junit-jupiter/5.7.2/junit-jupiter-5.7.2.jar:/Users/yuanbao/.m2/repository/org/junit/jupiter/junit-jupiter-api/5.7.2/junit-jupiter-api-5.7.2.jar:/Users/yuanbao/.m2/repository/org/apiguardian/apiguardian-api/1.1.0/apiguardian-api-1.1.0.jar:/Users/yuanbao/.m2/repository/org/opentest4j/opentest4j/1.2.0/opentest4j-1.2.0.jar:/Users/yuanbao/.m2/repository/org/junit/platform/junit-platform-commons/1.7.2/junit-platform-commons-1.7.2.jar:/Users/yuanbao/.m2/repository/org/junit/jupiter/junit-jupiter-params/5.7.2/junit-jupiter-params-5.7.2.jar:/Users/yuanbao/.m2/repository/org/junit/jupiter/junit-jupiter-engine/5.7.2/junit-jupiter-engine-5.7.2.jar:/Users/yuanbao/.m2/repository/org/junit/platform/junit-platform-engine/1.7.2/junit-platform-engine-1.7.2.jar:/Users/yuanbao/.m2/repository/org/mockito/mockito-core/3.9.0/mockito-core-3.9.0.jar:/Users/yuanbao/.m2/repository/net/bytebuddy/byte-buddy/1.10.22/byte-buddy-1.10.22.jar:/Users/yuanbao/.m2/repository/net/bytebuddy/byte-buddy-agent/1.10.22/byte-buddy-agent-1.10.22.jar:/Users/yuanbao/.m2/repository/org/objenesis/objenesis/3.2/objenesis-3.2.jar:/Users/yuanbao/.m2/repository/org/mockito/mockito-junit-jupiter/3.9.0/mockito-junit-jupiter-3.9.0.jar:/Users/yuanbao/.m2/repository/org/skyscreamer/jsonassert/1.5.0/jsonassert-1.5.0.jar:/Users/yuanbao/.m2/repository/com/vaadin/external/google/android-json/0.0.20131108.vaadin1/android-json-0.0.20131108.vaadin1.jar:/Users/yuanbao/.m2/repository/org/springframework/spring-core/5.3.9/spring-core-5.3.9.jar:/Users/yuanbao/.m2/repository/org/springframework/spring-jcl/5.3.9/spring-jcl-5.3.9.jar:/Users/yuanbao/.m2/repository/org/springframework/spring-test/5.3.9/spring-test-5.3.9.jar:/Users/yuanbao/.m2/repository/org/xmlunit/xmlunit-core/2.8.2/xmlunit-core-2.8.2.jar:/Users/yuanbao/.m2/repository/org/mybatis/spring/boot/mybatis-spring-boot-starter/2.2.0/mybatis-spring-boot-starter-2.2.0.jar:/Users/yuanbao/.m2/repository/org/mybatis/spring/boot/mybatis-spring-boot-autoconfigure/2.2.0/mybatis-spring-boot-autoconfigure-2.2.0.jar:/Users/yuanbao/.m2/repository/org/mybatis/mybatis/3.5.7/mybatis-3.5.7.jar:/Users/yuanbao/.m2/repository/org/mybatis/mybatis-spring/2.0.6/mybatis-spring-2.0.6.jar:/Users/yuanbao/.m2/repository/com/alibaba/druid-spring-boot-starter/1.2.5/druid-spring-boot-starter-1.2.5.jar:/Users/yuanbao/.m2/repository/com/alibaba/druid/1.2.5/druid-1.2.5.jar:/Users/yuanbao/.m2/repository/javax/annotation/javax.annotation-api/1.3.2/javax.annotation-api-1.3.2.jar:/Users/yuanbao/.m2/repository/org/slf4j/slf4j-api/1.7.32/slf4j-api-1.7.32.jar:/Users/yuanbao/.m2/repository/org/springframework/boot/spring-boot-starter-security/2.5.3/spring-boot-starter-security-2.5.3.jar:/Users/yuanbao/.m2/repository/org/springframework/spring-aop/5.3.9/spring-aop-5.3.9.jar:/Users/yuanbao/.m2/repository/org/springframework/security/spring-security-config/5.5.1/spring-security-config-5.5.1.jar:/Users/yuanbao/.m2/repository/org/springframework/security/spring-security-core/5.5.1/spring-security-core-5.5.1.jar:/Users/yuanbao/.m2/repository/org/springframework/security/spring-security-crypto/5.5.1/spring-security-crypto-5.5.1.jar:/Users/yuanbao/.m2/repository/org/springframework/security/spring-security-web/5.5.1/spring-security-web-5.5.1.jar:/Users/yuanbao/.m2/repository/com/alibaba/fastjson/1.2.78/fastjson-1.2.78.jar:/Users/yuanbao/.m2/repository/com/aliyun/oss/aliyun-sdk-oss/3.10.2/aliyun-sdk-oss-3.10.2.jar:/Users/yuanbao/.m2/repository/org/apache/httpcomponents/httpclient/4.5.13/httpclient-4.5.13.jar:/Users/yuanbao/.m2/repository/org/apache/httpcomponents/httpcore/4.4.14/httpcore-4.4.14.jar:/Users/yuanbao/.m2/repository/commons-codec/commons-codec/1.15/commons-codec-1.15.jar:/Users/yuanbao/.m2/repository/org/jdom/jdom2/2.0.6/jdom2-2.0.6.jar:/Users/yuanbao/.m2/repository/org/codehaus/jettison/jettison/1.1/jettison-1.1.jar:/Users/yuanbao/.m2/repository/stax/stax-api/1.0.1/stax-api-1.0.1.jar:/Users/yuanbao/.m2/repository/com/aliyun/aliyun-java-sdk-core/3.4.0/aliyun-java-sdk-core-3.4.0.jar:/Users/yuanbao/.m2/repository/com/aliyun/aliyun-java-sdk-ram/3.0.0/aliyun-java-sdk-ram-3.0.0.jar:/Users/yuanbao/.m2/repository/com/aliyun/aliyun-java-sdk-sts/3.0.0/aliyun-java-sdk-sts-3.0.0.jar:/Users/yuanbao/.m2/repository/com/aliyun/aliyun-java-sdk-ecs/4.2.0/aliyun-java-sdk-ecs-4.2.0.jar:/Users/yuanbao/.m2/repository/com/aliyun/aliyun-java-sdk-kms/2.7.0/aliyun-java-sdk-kms-2.7.0.jar:/Users/yuanbao/.m2/repository/com/google/code/gson/gson/2.8.7/gson-2.8.7.jar:/Users/yuanbao/.m2/repository/javax/xml/bind/jaxb-api/2.3.1/jaxb-api-2.3.1.jar:/Users/yuanbao/.m2/repository/javax/activation/javax.activation-api/1.2.0/javax.activation-api-1.2.0.jar:/Users/yuanbao/.m2/repository/javax/activation/activation/1.1.1/activation-1.1.1.jar:/Users/yuanbao/.m2/repository/org/glassfish/jaxb/jaxb-runtime/2.3.3/jaxb-runtime-2.3.3.jar:/Users/yuanbao/.m2/repository/org/glassfish/jaxb/txw2/2.3.4/txw2-2.3.4.jar:/Users/yuanbao/.m2/repository/com/sun/istack/istack-commons-runtime/3.0.11/istack-commons-runtime-3.0.11.jar:/Users/yuanbao/.m2/repository/com/sun/activation/jakarta.activation/1.2.2/jakarta.activation-1.2.2.jar:"/>
    <property name="java.vm.vendor" value="Oracle Corporation"/>
    <property name="sun.arch.data.model" value="64"/>
    <property name="java.vendor.url" value="https://java.oracle.com/"/>
    <property name="os.name" value="Mac OS X"/>
    <property name="java.vm.specification.version" value="14"/>
    <property name="sun.java.launcher" value="SUN_STANDARD"/>
    <property name="user.country" value="CN"/>
    <property name="sun.boot.library.path" value="/Library/Java/JavaVirtualMachines/jdk-14.0.1.jdk/Contents/Home/lib"/>
    <property name="sun.java.command" value="/Users/yuanbao/IdeaProjects/CourseSS/target/surefire/surefirebooter2610057235304987451.jar /Users/yuanbao/IdeaProjects/CourseSS/target/surefire 2021-08-20T22-09-10_652-jvmRun1 surefire2981806519086783843tmp surefire_017584413778206430303tmp"/>
    <property name="jdk.debug" value="release"/>
    <property name="surefire.test.class.path" value="/Users/yuanbao/IdeaProjects/CourseSS/target/test-classes:/Users/yuanbao/IdeaProjects/CourseSS/target/classes:/Users/yuanbao/.m2/repository/org/springframework/boot/spring-boot-starter-jdbc/2.5.3/spring-boot-starter-jdbc-2.5.3.jar:/Users/yuanbao/.m2/repository/org/springframework/boot/spring-boot-starter/2.5.3/spring-boot-starter-2.5.3.jar:/Users/yuanbao/.m2/repository/org/springframework/boot/spring-boot-starter-logging/2.5.3/spring-boot-starter-logging-2.5.3.jar:/Users/yuanbao/.m2/repository/ch/qos/logback/logback-classic/1.2.4/logback-classic-1.2.4.jar:/Users/yuanbao/.m2/repository/ch/qos/logback/logback-core/1.2.4/logback-core-1.2.4.jar:/Users/yuanbao/.m2/repository/org/apache/logging/log4j/log4j-to-slf4j/2.14.1/log4j-to-slf4j-2.14.1.jar:/Users/yuanbao/.m2/repository/org/apache/logging/log4j/log4j-api/2.14.1/log4j-api-2.14.1.jar:/Users/yuanbao/.m2/repository/org/slf4j/jul-to-slf4j/1.7.32/jul-to-slf4j-1.7.32.jar:/Users/yuanbao/.m2/repository/jakarta/annotation/jakarta.annotation-api/1.3.5/jakarta.annotation-api-1.3.5.jar:/Users/yuanbao/.m2/repository/org/yaml/snakeyaml/1.28/snakeyaml-1.28.jar:/Users/yuanbao/.m2/repository/com/zaxxer/HikariCP/4.0.3/HikariCP-4.0.3.jar:/Users/yuanbao/.m2/repository/org/springframework/spring-jdbc/5.3.9/spring-jdbc-5.3.9.jar:/Users/yuanbao/.m2/repository/org/springframework/spring-beans/5.3.9/spring-beans-5.3.9.jar:/Users/yuanbao/.m2/repository/org/springframework/spring-tx/5.3.9/spring-tx-5.3.9.jar:/Users/yuanbao/.m2/repository/org/springframework/boot/spring-boot-starter-thymeleaf/2.5.3/spring-boot-starter-thymeleaf-2.5.3.jar:/Users/yuanbao/.m2/repository/org/thymeleaf/thymeleaf-spring5/3.0.12.RELEASE/thymeleaf-spring5-3.0.12.RELEASE.jar:/Users/yuanbao/.m2/repository/org/thymeleaf/thymeleaf/3.0.12.RELEASE/thymeleaf-3.0.12.RELEASE.jar:/Users/yuanbao/.m2/repository/org/attoparser/attoparser/2.0.5.RELEASE/attoparser-2.0.5.RELEASE.jar:/Users/yuanbao/.m2/repository/org/unbescape/unbescape/1.1.6.RELEASE/unbescape-1.1.6.RELEASE.jar:/Users/yuanbao/.m2/repository/org/thymeleaf/extras/thymeleaf-extras-java8time/3.0.4.RELEASE/thymeleaf-extras-java8time-3.0.4.RELEASE.jar:/Users/yuanbao/.m2/repository/org/springframework/boot/spring-boot-starter-web/2.5.3/spring-boot-starter-web-2.5.3.jar:/Users/yuanbao/.m2/repository/org/springframework/boot/spring-boot-starter-json/2.5.3/spring-boot-starter-json-2.5.3.jar:/Users/yuanbao/.m2/repository/com/fasterxml/jackson/core/jackson-databind/2.12.4/jackson-databind-2.12.4.jar:/Users/yuanbao/.m2/repository/com/fasterxml/jackson/core/jackson-annotations/2.12.4/jackson-annotations-2.12.4.jar:/Users/yuanbao/.m2/repository/com/fasterxml/jackson/core/jackson-core/2.12.4/jackson-core-2.12.4.jar:/Users/yuanbao/.m2/repository/com/fasterxml/jackson/datatype/jackson-datatype-jdk8/2.12.4/jackson-datatype-jdk8-2.12.4.jar:/Users/yuanbao/.m2/repository/com/fasterxml/jackson/datatype/jackson-datatype-jsr310/2.12.4/jackson-datatype-jsr310-2.12.4.jar:/Users/yuanbao/.m2/repository/com/fasterxml/jackson/module/jackson-module-parameter-names/2.12.4/jackson-module-parameter-names-2.12.4.jar:/Users/yuanbao/.m2/repository/org/springframework/boot/spring-boot-starter-tomcat/2.5.3/spring-boot-starter-tomcat-2.5.3.jar:/Users/yuanbao/.m2/repository/org/apache/tomcat/embed/tomcat-embed-core/9.0.50/tomcat-embed-core-9.0.50.jar:/Users/yuanbao/.m2/repository/org/apache/tomcat/embed/tomcat-embed-el/9.0.50/tomcat-embed-el-9.0.50.jar:/Users/yuanbao/.m2/repository/org/apache/tomcat/embed/tomcat-embed-websocket/9.0.50/tomcat-embed-websocket-9.0.50.jar:/Users/yuanbao/.m2/repository/org/springframework/spring-web/5.3.9/spring-web-5.3.9.jar:/Users/yuanbao/.m2/repository/org/springframework/spring-webmvc/5.3.9/spring-webmvc-5.3.9.jar:/Users/yuanbao/.m2/repository/org/springframework/spring-context/5.3.9/spring-context-5.3.9.jar:/Users/yuanbao/.m2/repository/org/springframework/spring-expression/5.3.9/spring-expression-5.3.9.jar:/Users/yuanbao/.m2/repository/mysql/mysql-connector-java/8.0.26/mysql-connector-java-8.0.26.jar:/Users/yuanbao/.m2/repository/org/springframework/boot/spring-boot-devtools/2.5.3/spring-boot-devtools-2.5.3.jar:/Users/yuanbao/.m2/repository/org/springframework/boot/spring-boot/2.5.3/spring-boot-2.5.3.jar:/Users/yuanbao/.m2/repository/org/springframework/boot/spring-boot-autoconfigure/2.5.3/spring-boot-autoconfigure-2.5.3.jar:/Users/yuanbao/.m2/repository/org/projectlombok/lombok/1.18.20/lombok-1.18.20.jar:/Users/yuanbao/.m2/repository/org/springframework/boot/spring-boot-starter-test/2.5.3/spring-boot-starter-test-2.5.3.jar:/Users/yuanbao/.m2/repository/org/springframework/boot/spring-boot-test/2.5.3/spring-boot-test-2.5.3.jar:/Users/yuanbao/.m2/repository/org/springframework/boot/spring-boot-test-autoconfigure/2.5.3/spring-boot-test-autoconfigure-2.5.3.jar:/Users/yuanbao/.m2/repository/com/jayway/jsonpath/json-path/2.5.0/json-path-2.5.0.jar:/Users/yuanbao/.m2/repository/net/minidev/json-smart/2.4.7/json-smart-2.4.7.jar:/Users/yuanbao/.m2/repository/net/minidev/accessors-smart/2.4.7/accessors-smart-2.4.7.jar:/Users/yuanbao/.m2/repository/org/ow2/asm/asm/9.1/asm-9.1.jar:/Users/yuanbao/.m2/repository/jakarta/xml/bind/jakarta.xml.bind-api/2.3.3/jakarta.xml.bind-api-2.3.3.jar:/Users/yuanbao/.m2/repository/jakarta/activation/jakarta.activation-api/1.2.2/jakarta.activation-api-1.2.2.jar:/Users/yuanbao/.m2/repository/org/assertj/assertj-core/3.19.0/assertj-core-3.19.0.jar:/Users/yuanbao/.m2/repository/org/hamcrest/hamcrest/2.2/hamcrest-2.2.jar:/Users/yuanbao/.m2/repository/org/junit/jupiter/junit-jupiter/5.7.2/junit-jupiter-5.7.2.jar:/Users/yuanbao/.m2/repository/org/junit/jupiter/junit-jupiter-api/5.7.2/junit-jupiter-api-5.7.2.jar:/Users/yuanbao/.m2/repository/org/apiguardian/apiguardian-api/1.1.0/apiguardian-api-1.1.0.jar:/Users/yuanbao/.m2/repository/org/opentest4j/opentest4j/1.2.0/opentest4j-1.2.0.jar:/Users/yuanbao/.m2/repository/org/junit/platform/junit-platform-commons/1.7.2/junit-platform-commons-1.7.2.jar:/Users/yuanbao/.m2/repository/org/junit/jupiter/junit-jupiter-params/5.7.2/junit-jupiter-params-5.7.2.jar:/Users/yuanbao/.m2/repository/org/junit/jupiter/junit-jupiter-engine/5.7.2/junit-jupiter-engine-5.7.2.jar:/Users/yuanbao/.m2/repository/org/junit/platform/junit-platform-engine/1.7.2/junit-platform-engine-1.7.2.jar:/Users/yuanbao/.m2/repository/org/mockito/mockito-core/3.9.0/mockito-core-3.9.0.jar:/Users/yuanbao/.m2/repository/net/bytebuddy/byte-buddy/1.10.22/byte-buddy-1.10.22.jar:/Users/yuanbao/.m2/repository/net/bytebuddy/byte-buddy-agent/1.10.22/byte-buddy-agent-1.10.22.jar:/Users/yuanbao/.m2/repository/org/objenesis/objenesis/3.2/objenesis-3.2.jar:/Users/yuanbao/.m2/repository/org/mockito/mockito-junit-jupiter/3.9.0/mockito-junit-jupiter-3.9.0.jar:/Users/yuanbao/.m2/repository/org/skyscreamer/jsonassert/1.5.0/jsonassert-1.5.0.jar:/Users/yuanbao/.m2/repository/com/vaadin/external/google/android-json/0.0.20131108.vaadin1/android-json-0.0.20131108.vaadin1.jar:/Users/yuanbao/.m2/repository/org/springframework/spring-core/5.3.9/spring-core-5.3.9.jar:/Users/yuanbao/.m2/repository/org/springframework/spring-jcl/5.3.9/spring-jcl-5.3.9.jar:/Users/yuanbao/.m2/repository/org/springframework/spring-test/5.3.9/spring-test-5.3.9.jar:/Users/yuanbao/.m2/repository/org/xmlunit/xmlunit-core/2.8.2/xmlunit-core-2.8.2.jar:/Users/yuanbao/.m2/repository/org/mybatis/spring/boot/mybatis-spring-boot-starter/2.2.0/mybatis-spring-boot-starter-2.2.0.jar:/Users/yuanbao/.m2/repository/org/mybatis/spring/boot/mybatis-spring-boot-autoconfigure/2.2.0/mybatis-spring-boot-autoconfigure-2.2.0.jar:/Users/yuanbao/.m2/repository/org/mybatis/mybatis/3.5.7/mybatis-3.5.7.jar:/Users/yuanbao/.m2/repository/org/mybatis/mybatis-spring/2.0.6/mybatis-spring-2.0.6.jar:/Users/yuanbao/.m2/repository/com/alibaba/druid-spring-boot-starter/1.2.5/druid-spring-boot-starter-1.2.5.jar:/Users/yuanbao/.m2/repository/com/alibaba/druid/1.2.5/druid-1.2.5.jar:/Users/yuanbao/.m2/repository/javax/annotation/javax.annotation-api/1.3.2/javax.annotation-api-1.3.2.jar:/Users/yuanbao/.m2/repository/org/slf4j/slf4j-api/1.7.32/slf4j-api-1.7.32.jar:/Users/yuanbao/.m2/repository/org/springframework/boot/spring-boot-starter-security/2.5.3/spring-boot-starter-security-2.5.3.jar:/Users/yuanbao/.m2/repository/org/springframework/spring-aop/5.3.9/spring-aop-5.3.9.jar:/Users/yuanbao/.m2/repository/org/springframework/security/spring-security-config/5.5.1/spring-security-config-5.5.1.jar:/Users/yuanbao/.m2/repository/org/springframework/security/spring-security-core/5.5.1/spring-security-core-5.5.1.jar:/Users/yuanbao/.m2/repository/org/springframework/security/spring-security-crypto/5.5.1/spring-security-crypto-5.5.1.jar:/Users/yuanbao/.m2/repository/org/springframework/security/spring-security-web/5.5.1/spring-security-web-5.5.1.jar:/Users/yuanbao/.m2/repository/com/alibaba/fastjson/1.2.78/fastjson-1.2.78.jar:/Users/yuanbao/.m2/repository/com/aliyun/oss/aliyun-sdk-oss/3.10.2/aliyun-sdk-oss-3.10.2.jar:/Users/yuanbao/.m2/repository/org/apache/httpcomponents/httpclient/4.5.13/httpclient-4.5.13.jar:/Users/yuanbao/.m2/repository/org/apache/httpcomponents/httpcore/4.4.14/httpcore-4.4.14.jar:/Users/yuanbao/.m2/repository/commons-codec/commons-codec/1.15/commons-codec-1.15.jar:/Users/yuanbao/.m2/repository/org/jdom/jdom2/2.0.6/jdom2-2.0.6.jar:/Users/yuanbao/.m2/repository/org/codehaus/jettison/jettison/1.1/jettison-1.1.jar:/Users/yuanbao/.m2/repository/stax/stax-api/1.0.1/stax-api-1.0.1.jar:/Users/yuanbao/.m2/repository/com/aliyun/aliyun-java-sdk-core/3.4.0/aliyun-java-sdk-core-3.4.0.jar:/Users/yuanbao/.m2/repository/com/aliyun/aliyun-java-sdk-ram/3.0.0/aliyun-java-sdk-ram-3.0.0.jar:/Users/yuanbao/.m2/repository/com/aliyun/aliyun-java-sdk-sts/3.0.0/aliyun-java-sdk-sts-3.0.0.jar:/Users/yuanbao/.m2/repository/com/aliyun/aliyun-java-sdk-ecs/4.2.0/aliyun-java-sdk-ecs-4.2.0.jar:/Users/yuanbao/.m2/repository/com/aliyun/aliyun-java-sdk-kms/2.7.0/aliyun-java-sdk-kms-2.7.0.jar:/Users/yuanbao/.m2/repository/com/google/code/gson/gson/2.8.7/gson-2.8.7.jar:/Users/yuanbao/.m2/repository/javax/xml/bind/jaxb-api/2.3.1/jaxb-api-2.3.1.jar:/Users/yuanbao/.m2/repository/javax/activation/javax.activation-api/1.2.0/javax.activation-api-1.2.0.jar:/Users/yuanbao/.m2/repository/javax/activation/activation/1.1.1/activation-1.1.1.jar:/Users/yuanbao/.m2/repository/org/glassfish/jaxb/jaxb-runtime/2.3.3/jaxb-runtime-2.3.3.jar:/Users/yuanbao/.m2/repository/org/glassfish/jaxb/txw2/2.3.4/txw2-2.3.4.jar:/Users/yuanbao/.m2/repository/com/sun/istack/istack-commons-runtime/3.0.11/istack-commons-runtime-3.0.11.jar:/Users/yuanbao/.m2/repository/com/sun/activation/jakarta.activation/1.2.2/jakarta.activation-1.2.2.jar:"/>
    <property name="sun.cpu.endian" value="little"/>
    <property name="user.home" value="/Users/yuanbao"/>
    <property name="user.language" value="zh"/>
    <property name="java.specification.vendor" value="Oracle Corporation"/>
    <property name="java.version.date" value="2020-04-14"/>
    <property name="java.home" value="/Library/Java/JavaVirtualMachines/jdk-14.0.1.jdk/Contents/Home"/>
    <property name="file.separator" value="/"/>
    <property name="basedir" value="/Users/yuanbao/IdeaProjects/CourseSS"/>
    <property name="java.vm.compressedOopsMode" value="Zero based"/>
    <property name="line.separator" value="&#10;"/>
    <property name="java.vm.specification.vendor" value="Oracle Corporation"/>
    <property name="java.specification.name" value="Java Platform API Specification"/>
    <property name="idea.version2020.1.2" value="true"/>
    <property name="surefire.real.class.path" value="/Users/yuanbao/IdeaProjects/CourseSS/target/surefire/surefirebooter2610057235304987451.jar"/>
    <property name="user.script" value="Hans"/>
    <property name="sun.management.compiler" value="HotSpot 64-Bit Tiered Compilers"/>
    <property name="java.runtime.version" value="14.0.1+7"/>
    <property name="user.name" value="yuanbao"/>
    <property name="path.separator" value=":"/>
    <property name="os.version" value="10.15.7"/>
    <property name="java.runtime.name" value="Java(TM) SE Runtime Environment"/>
    <property name="file.encoding" value="UTF-8"/>
    <property name="java.vm.name" value="Java HotSpot(TM) 64-Bit Server VM"/>
    <property name="localRepository" value="/Users/yuanbao/.m2/repository"/>
    <property name="java.vendor.url.bug" value="https://bugreport.java.com/bugreport/"/>
    <property name="java.io.tmpdir" value="/var/folders/88/473n6cj57rb8gdr_4q55lqn00000gn/T/"/>
    <property name="java.version" value="14.0.1"/>
    <property name="user.dir" value="/Users/yuanbao/IdeaProjects/CourseSS"/>
    <property name="os.arch" value="x86_64"/>
    <property name="java.vm.specification.name" value="Java Virtual Machine Specification"/>
    <property name="java.library.path" value="/Users/yuanbao/Library/Java/Extensions:/Library/Java/Extensions:/Network/Library/Java/Extensions:/System/Library/Java/Extensions:/usr/lib/java:."/>
    <property name="java.vm.info" value="mixed mode, sharing"/>
    <property name="java.vendor" value="Oracle Corporation"/>
    <property name="java.vm.version" value="14.0.1+7"/>
    <property name="sun.io.unicode.encoding" value="UnicodeBig"/>
    <property name="java.class.version" value="58.0"/>
  </properties>
  <testcase name="testOss" classname="com.study.CourseSharingSiteApplicationTests" time="2.011">
    <error message="Index 0 out of bounds for length 0" type="java.lang.IndexOutOfBoundsException">java.lang.IndexOutOfBoundsException: Index 0 out of bounds for length 0
	at com.study.CourseSharingSiteApplicationTests.testOss(CourseSharingSiteApplicationTests.java:144)
</error>
    <system-out><![CDATA[22:09:11.388 [main] DEBUG org.springframework.test.context.BootstrapUtils - Instantiating CacheAwareContextLoaderDelegate from class [org.springframework.test.context.cache.DefaultCacheAwareContextLoaderDelegate]
22:09:11.398 [main] DEBUG org.springframework.test.context.BootstrapUtils - Instantiating BootstrapContext using constructor [public org.springframework.test.context.support.DefaultBootstrapContext(java.lang.Class,org.springframework.test.context.CacheAwareContextLoaderDelegate)]
22:09:11.427 [main] DEBUG org.springframework.test.context.BootstrapUtils - Instantiating TestContextBootstrapper for test class [com.study.CourseSharingSiteApplicationTests] from class [org.springframework.boot.test.context.SpringBootTestContextBootstrapper]
22:09:11.437 [main] INFO org.springframework.boot.test.context.SpringBootTestContextBootstrapper - Neither @ContextConfiguration nor @ContextHierarchy found for test class [com.study.CourseSharingSiteApplicationTests], using SpringBootContextLoader
22:09:11.440 [main] DEBUG org.springframework.test.context.support.AbstractContextLoader - Did not detect default resource location for test class [com.study.CourseSharingSiteApplicationTests]: class path resource [com/study/CourseSharingSiteApplicationTests-context.xml] does not exist
22:09:11.440 [main] DEBUG org.springframework.test.context.support.AbstractContextLoader - Did not detect default resource location for test class [com.study.CourseSharingSiteApplicationTests]: class path resource [com/study/CourseSharingSiteApplicationTestsContext.groovy] does not exist
22:09:11.440 [main] INFO org.springframework.test.context.support.AbstractContextLoader - Could not detect default resource locations for test class [com.study.CourseSharingSiteApplicationTests]: no resource found for suffixes {-context.xml, Context.groovy}.
22:09:11.441 [main] INFO org.springframework.test.context.support.AnnotationConfigContextLoaderUtils - Could not detect default configuration classes for test class [com.study.CourseSharingSiteApplicationTests]: CourseSharingSiteApplicationTests does not declare any static, non-private, non-final, nested classes annotated with @Configuration.
22:09:11.481 [main] DEBUG org.springframework.test.context.support.ActiveProfilesUtils - Could not find an 'annotation declaring class' for annotation type [org.springframework.test.context.ActiveProfiles] and class [com.study.CourseSharingSiteApplicationTests]
22:09:11.526 [main] DEBUG org.springframework.context.annotation.ClassPathScanningCandidateComponentProvider - Identified candidate component class: file [/Users/yuanbao/IdeaProjects/CourseSS/target/classes/com/study/CourseSharingSiteApplication.class]
22:09:11.527 [main] INFO org.springframework.boot.test.context.SpringBootTestContextBootstrapper - Found @SpringBootConfiguration com.study.CourseSharingSiteApplication for test class com.study.CourseSharingSiteApplicationTests
22:09:11.621 [main] DEBUG org.springframework.boot.test.context.SpringBootTestContextBootstrapper - @TestExecutionListeners is not present for class [com.study.CourseSharingSiteApplicationTests]: using defaults.
22:09:11.622 [main] INFO org.springframework.boot.test.context.SpringBootTestContextBootstrapper - Loaded default TestExecutionListener class names from location [META-INF/spring.factories]: [org.springframework.boot.test.mock.mockito.MockitoTestExecutionListener, org.springframework.boot.test.mock.mockito.ResetMocksTestExecutionListener, org.springframework.boot.test.autoconfigure.restdocs.RestDocsTestExecutionListener, org.springframework.boot.test.autoconfigure.web.client.MockRestServiceServerResetTestExecutionListener, org.springframework.boot.test.autoconfigure.web.servlet.MockMvcPrintOnlyOnFailureTestExecutionListener, org.springframework.boot.test.autoconfigure.web.servlet.WebDriverTestExecutionListener, org.springframework.boot.test.autoconfigure.webservices.client.MockWebServiceServerTestExecutionListener, org.springframework.test.context.web.ServletTestExecutionListener, org.springframework.test.context.support.DirtiesContextBeforeModesTestExecutionListener, org.springframework.test.context.event.ApplicationEventsTestExecutionListener, org.springframework.test.context.support.DependencyInjectionTestExecutionListener, org.springframework.test.context.support.DirtiesContextTestExecutionListener, org.springframework.test.context.transaction.TransactionalTestExecutionListener, org.springframework.test.context.jdbc.SqlScriptsTestExecutionListener, org.springframework.test.context.event.EventPublishingTestExecutionListener]
22:09:11.638 [main] INFO org.springframework.boot.test.context.SpringBootTestContextBootstrapper - Using TestExecutionListeners: [org.springframework.test.context.web.ServletTestExecutionListener@4278284b, org.springframework.test.context.support.DirtiesContextBeforeModesTestExecutionListener@9573584, org.springframework.test.context.event.ApplicationEventsTestExecutionListener@3370f42, org.springframework.boot.test.mock.mockito.MockitoTestExecutionListener@6057aebb, org.springframework.boot.test.autoconfigure.SpringBootDependencyInjectionTestExecutionListener@63eef88a, org.springframework.test.context.support.DirtiesContextTestExecutionListener@53251a66, org.springframework.test.context.transaction.TransactionalTestExecutionListener@6853425f, org.springframework.test.context.jdbc.SqlScriptsTestExecutionListener@352c1b98, org.springframework.test.context.event.EventPublishingTestExecutionListener@21129f1f, org.springframework.boot.test.mock.mockito.ResetMocksTestExecutionListener@5a9f4771, org.springframework.boot.test.autoconfigure.restdocs.RestDocsTestExecutionListener@282cb7c7, org.springframework.boot.test.autoconfigure.web.client.MockRestServiceServerResetTestExecutionListener@7d898981, org.springframework.boot.test.autoconfigure.web.servlet.MockMvcPrintOnlyOnFailureTestExecutionListener@48d61b48, org.springframework.boot.test.autoconfigure.web.servlet.WebDriverTestExecutionListener@68d279ec, org.springframework.boot.test.autoconfigure.webservices.client.MockWebServiceServerTestExecutionListener@258d79be]
22:09:11.641 [main] DEBUG org.springframework.test.context.support.AbstractDirtiesContextTestExecutionListener - Before test class: context [DefaultTestContext@6d07a63d testClass = CourseSharingSiteApplicationTests, testInstance = [null], testMethod = [null], testException = [null], mergedContextConfiguration = [WebMergedContextConfiguration@571c5681 testClass = CourseSharingSiteApplicationTests, locations = '{}', classes = '{class com.study.CourseSharingSiteApplication}', contextInitializerClasses = '[]', activeProfiles = '{}', propertySourceLocations = '{}', propertySourceProperties = '{org.springframework.boot.test.context.SpringBootTestContextBootstrapper=true}', contextCustomizers = set[org.springframework.boot.test.context.filter.ExcludeFilterContextCustomizer@6a6afff2, org.springframework.boot.test.json.DuplicateJsonObjectContextCustomizerFactory$DuplicateJsonObjectContextCustomizer@4da4253, org.springframework.boot.test.mock.mockito.MockitoContextCustomizer@0, org.springframework.boot.test.web.client.TestRestTemplateContextCustomizer@3e6ef8ad, org.springframework.boot.test.autoconfigure.actuate.metrics.MetricsExportContextCustomizerFactory$DisableMetricExportContextCustomizer@3738449f, org.springframework.boot.test.autoconfigure.properties.PropertyMappingContextCustomizer@0, org.springframework.boot.test.autoconfigure.web.servlet.WebDriverContextCustomizerFactory$Customizer@649bec2e, org.springframework.boot.test.context.SpringBootTestArgs@1, org.springframework.boot.test.context.SpringBootTestWebEnvironment@1f554b06], resourceBasePath = 'src/main/webapp', contextLoader = 'org.springframework.boot.test.context.SpringBootContextLoader', parent = [null]], attributes = map['org.springframework.test.context.web.ServletTestExecutionListener.activateListener' -> true]], class annotated with @DirtiesContext [false] with mode [null].
22:09:11.672 [main] DEBUG org.springframework.test.context.support.TestPropertySourceUtils - Adding inlined properties to environment: {spring.jmx.enabled=false, org.springframework.boot.test.context.SpringBootTestContextBootstrapper=true}
     __            _       ___      __     ___      _
    / _|  __ __   | |__   |_  )    /  \   |_  )    / |
   |  _|  \ \ /   | / /    / /    | () |   / /     | |
  _|_|_   /_\_\   |_\_\   /___|   _\__/   /___|   _|_|_
_|"""""|_|"""""|_|"""""|_|"""""|_|"""""|_|"""""|_|"""""|
"`-0-0-'"`-0-0-'"`-0-0-'"`-0-0-'"`-0-0-'"`-0-0-'"`-0-0-'

2021-08-20 22:09:11.929  INFO 9976 --- [           main] c.s.CourseSharingSiteApplicationTests    : Starting CourseSharingSiteApplicationTests using Java 14.0.1 on yuanbaodembp with PID 9976 (started by yuanbao in /Users/yuanbao/IdeaProjects/CourseSS)
2021-08-20 22:09:11.931  INFO 9976 --- [           main] c.s.CourseSharingSiteApplicationTests    : No active profile set, falling back to default profiles: default
2021-08-20 22:09:12.995  INFO 9976 --- [           main] c.a.d.s.b.a.DruidDataSourceAutoConfigure : Init DruidDataSource
2021-08-20 22:09:13.223  INFO 9976 --- [           main] com.alibaba.druid.pool.DruidDataSource   : {dataSource-1} inited
2021-08-20 22:09:13.821  INFO 9976 --- [           main] o.s.s.web.DefaultSecurityFilterChain     : Will secure any request with [org.springframework.security.web.context.request.async.WebAsyncManagerIntegrationFilter@31723307, org.springframework.security.web.context.SecurityContextPersistenceFilter@2efd2f21, org.springframework.security.web.header.HeaderWriterFilter@19e21f89, org.springframework.security.web.authentication.logout.LogoutFilter@6ad1701a, org.springframework.security.web.authentication.UsernamePasswordAuthenticationFilter@79b18230, org.springframework.security.web.savedrequest.RequestCacheAwareFilter@50110971, org.springframework.security.web.servletapi.SecurityContextHolderAwareRequestFilter@4db77402, org.springframework.security.web.authentication.AnonymousAuthenticationFilter@2401856, org.springframework.security.web.session.SessionManagementFilter@7e7743ec, org.springframework.security.web.access.ExceptionTranslationFilter@3ba1308d, org.springframework.security.web.access.intercept.FilterSecurityInterceptor@570ba13]
2021-08-20 22:09:14.344  INFO 9976 --- [           main] o.s.b.a.w.s.WelcomePageHandlerMapping    : Adding welcome page template: index
2021-08-20 22:09:14.845  INFO 9976 --- [           main] c.s.CourseSharingSiteApplicationTests    : Started CourseSharingSiteApplicationTests in 3.166 seconds (JVM running for 3.967)
]]></system-out>
  </testcase>
  <testcase name="testReply" classname="com.study.CourseSharingSiteApplicationTests" time="0.005"/>
  <testcase name="testUtil" classname="com.study.CourseSharingSiteApplicationTests" time="0.006">
    <error message="/Users/yuanbao/Desktop/temp/result.zip (No such file or directory)" type="java.io.FileNotFoundException">java.io.FileNotFoundException: /Users/yuanbao/Desktop/temp/result.zip (No such file or directory)
	at com.study.CourseSharingSiteApplicationTests.testUtil(CourseSharingSiteApplicationTests.java:161)
</error>
  </testcase>
  <testcase name="testMessage" classname="com.study.CourseSharingSiteApplicationTests" time="0.011"/>
  <testcase name="testTimeStamp" classname="com.study.CourseSharingSiteApplicationTests" time="0.012"/>
  <testcase name="contextLoads" classname="com.study.CourseSharingSiteApplicationTests" time="0.002"/>
  <testcase name="testMybatis" classname="com.study.CourseSharingSiteApplicationTests" time="0.013"/>
  <testcase name="testCourse" classname="com.study.CourseSharingSiteApplicationTests" time="0.007"/>
  <testcase name="testAllMessage" classname="com.study.CourseSharingSiteApplicationTests" time="0.081">
    <error type="java.lang.NullPointerException">java.lang.NullPointerException
	at com.study.CourseSharingSiteApplicationTests.testAllMessage(CourseSharingSiteApplicationTests.java:58)
</error>
  </testcase>
  <testcase name="testDownload" classname="com.study.CourseSharingSiteApplicationTests" time="0.004"/>
</testsuite>